VR/Temp/gradleOut/launcher/build/outputs/logs/manifest-merger-release-report.txt
-- Merging decision tree log ---
manifest
ADDED from src\main\AndroidManifest.xml:3:1-6:12
INJECTED from src\main\AndroidManifest.xml:3:1-6:12
INJECTED from src\main\AndroidManifest.xml:3:1-6:12
INJECTED from src\main\AndroidManifest.xml:3:1-6:12
MERGED from [:unityLibrary] AndroidManifest.xml:3:1-93:12
MERGED from [:gvr-keyboard:] AndroidManifest.xml:2:1-11:12
MERGED from [:gvr-keyboardsupport-release:] AndroidManifest.xml:2:1-31:12
MERGED from [:gvr-permissionsupport-release:] AndroidManifest.xml:2:1-30:12
MERGED from [:gvr:] AndroidManifest.xml:2:1-9:12
MERGED from [:unitygvr:] AndroidManifest.xml:2:1-11:12
INJECTED from src\main\AndroidManifest.xml:3:1-6:12
INJECTED from src\main\AndroidManifest.xml:3:1-6:12
INJECTED from src\main\AndroidManifest.xml:3:1-6:12
	package
		ADDED from src\main\AndroidManifest.xml:3:70-94
		INJECTED from src\main\AndroidManifest.xml
		INJECTED from src\main\AndroidManifest.xml
	android:versionName
		INJECTED from src\main\AndroidManifest.xml
		ADDED from src\main\AndroidManifest.xml:3:1-6:12
		INJECTED from src\main\AndroidManifest.xml
	xmlns:tools
		ADDED from src\main\AndroidManifest.xml:3:95-141
	android:versionCode
		INJECTED from src\main\AndroidManifest.xml
		ADDED from src\main\AndroidManifest.xml:3:1-6:12
		INJECTED from src\main\AndroidManifest.xml
	xmlns:android
		ADDED from src\main\AndroidManifest.xml:3:11-69
	android:installLocation
		ADDED from src\main\AndroidManifest.xml:3:142-172
supports-screens
ADDED from src\main\AndroidManifest.xml:4:3-163
	android:largeScreens
		ADDED from src\main\AndroidManifest.xml:4:78-105
	android:smallScreens
		ADDED from src\main\AndroidManifest.xml:4:21-48
	android:normalScreens
		ADDED from src\main\AndroidManifest.xml:4:49-77
	android:xlargeScreens
		ADDED from src\main\AndroidManifest.xml:4:106-134
	android:anyDensity
		ADDED from src\main\AndroidManifest.xml:4:135-160
application
ADDED from src\main\AndroidManifest.xml:5:3-83
MERGED from [:unityLibrary] AndroidManifest.xml:38:5-91:19
MERGED from [:unityLibrary] AndroidManifest.xml:38:5-91:19
MERGED from [:gvr-keyboardsupport-release:] AndroidManifest.xml:11:5-29:19
MERGED from [:gvr-keyboardsupport-release:] AndroidManifest.xml:11:5-29:19
MERGED from [:gvr-permissionsupport-release:] AndroidManifest.xml:11:5-28:19
MERGED from [:gvr-permissionsupport-release:] AndroidManifest.xml:11:5-28:19
	android:supportsRtl
		ADDED from [:gvr-keyboardsupport-release:] AndroidManifest.xml:14:9-35
	android:label
		ADDED from src\main\AndroidManifest.xml:5:16-48
	android:allowBackup
		ADDED from [:gvr-keyboardsupport-release:] AndroidManifest.xml:12:9-35
	android:icon
		ADDED from src\main\AndroidManifest.xml:5:49-80
	android:theme
		ADDED from [:unityLibrary] AndroidManifest.xml:38:18-56
uses-sdk
INJECTED from src\main\AndroidManifest.xml reason: use-sdk injection requested
INJECTED from src\main\AndroidManifest.xml
INJECTED from src\main\AndroidManifest.xml
MERGED from [:unityLibrary] AndroidManifest.xml:9:5-11:41
MERGED from [:unityLibrary] AndroidManifest.xml:9:5-11:41
MERGED from [:gvr-keyboard:] AndroidManifest.xml:7:5-9:41
MERGED from [:gvr-keyboard:] AndroidManifest.xml:7:5-9:41
MERGED from [:gvr-keyboardsupport-release:] AndroidManifest.xml:7:5-9:41
MERGED from [:gvr-keyboardsupport-release:] AndroidManifest.xml:7:5-9:41
MERGED from [:gvr-permissionsupport-release:] AndroidManifest.xml:7:5-9:41
MERGED from [:gvr-permissionsupport-release:] AndroidManifest.xml:7:5-9:41
MERGED from [:gvr:] AndroidManifest.xml:5:5-7:41
MERGED from [:gvr:] AndroidManifest.xml:5:5-7:41
MERGED from [:unitygvr:] AndroidManifest.xml:7:5-9:41
MERGED from [:unitygvr:] AndroidManifest.xml:7:5-9:41
INJECTED from src\main\AndroidManifest.xml
INJECTED from src\main\AndroidManifest.xml
	android:targetSdkVersion
		INJECTED from src\main\AndroidManifest.xml
		ADDED from src\main\AndroidManifest.xml
		INJECTED from src\main\AndroidManifest.xml
	android:minSdkVersion
		INJECTED from src\main\AndroidManifest.xml
		ADDED from src\main\AndroidManifest.xml
		INJECTED from src\main\AndroidManifest.xml
uses-feature#0x00030000
ADDED from [:unityLibrary] AndroidManifest.xml:13:5-54
	android:glEsVersion
		ADDED from [:unityLibrary] AndroidManifest.xml:13:19-51
uses-feature#android.software.home_screen
ADDED from [:unityLibrary] AndroidManifest.xml:14:5-65
	android:name
		ADDED from [:unityLibrary] AndroidManifest.xml:14:19-62
uses-feature#android.hardware.vr.headtracking
ADDED from [:unityLibrary] AndroidManifest.xml:15:5-18:31
	android:version
		ADDED from [:unityLibrary] AndroidManifest.xml:18:9-28
	android:required
		ADDED from [:unityLibrary] AndroidManifest.xml:17:9-33
	android:name
		ADDED from [:unityLibrary] AndroidManifest.xml:16:9-56
uses-feature#android.software.vr.mode
ADDED from [:unityLibrary] AndroidManifest.xml:19:5-21:36
	android:required
		ADDED from [:unityLibrary] AndroidManifest.xml:21:9-33
	android:name
		ADDED from [:unityLibrary] AndroidManifest.xml:20:9-48
uses-feature#android.hardware.vr.high_performance
ADDED from [:unityLibrary] AndroidManifest.xml:22:5-24:36
	android:required
		ADDED from [:unityLibrary] AndroidManifest.xml:24:9-33
	android:name
		ADDED from [:unityLibrary] AndroidManifest.xml:23:9-60
uses-permission#android.permission.READ_EXTERNAL_STORAGE
ADDED from [:unityLibrary] AndroidManifest.xml:26:5-80
	android:name
		ADDED from [:unityLibrary] AndroidManifest.xml:26:22-77
uses-feature#android.hardware.touchscreen
ADDED from [:unityLibrary] AndroidManifest.xml:28:5-30:36
	android:required
		ADDED from [:unityLibrary] AndroidManifest.xml:30:9-33
	android:name
		ADDED from [:unityLibrary] AndroidManifest.xml:29:9-52
uses-feature#android.hardware.touchscreen.multitouch
ADDED from [:unityLibrary] AndroidManifest.xml:31:5-33:36
	android:required
		ADDED from [:unityLibrary] AndroidManifest.xml:33:9-33
	android:name
		ADDED from [:unityLibrary] AndroidManifest.xml:32:9-63
uses-feature#android.hardware.touchscreen.multitouch.distinct
ADDED from [:unityLibrary] AndroidManifest.xml:34:5-36:36
	android:required
		ADDED from [:unityLibrary] AndroidManifest.xml:36:9-33
	android:name
		ADDED from [:unityLibrary] AndroidManifest.xml:35:9-72
activity#com.unity3d.player.UnityPlayerActivity
ADDED from [:unityLibrary] AndroidManifest.xml:39:9-68:20
	android:screenOrientation
		ADDED from [:unityLibrary] AndroidManifest.xml:46:13-51
	android:enableVrMode
		ADDED from [:unityLibrary] AndroidManifest.xml:42:13-65
	android:launchMode
		ADDED from [:unityLibrary] AndroidManifest.xml:44:13-44
	android:hardwareAccelerated
		ADDED from [:unityLibrary] AndroidManifest.xml:43:13-48
	android:resizeableActivity
		ADDED from [:unityLibrary] AndroidManifest.xml:45:13-47
	android:configChanges
		ADDED from [:unityLibrary] AndroidManifest.xml:41:13-194
	android:theme
		ADDED from [:unityLibrary] AndroidManifest.xml:47:13-54
	android:name
		ADDED from [:unityLibrary] AndroidManifest.xml:40:13-66
intent-filter#action:name:android.intent.action.MAIN+category:name:android.intent.category.LAUNCHER+category:name:com.google.intent.category.CARDBOARD+category:name:com.google.intent.category.DAYDREAM
ADDED from [:unityLibrary] AndroidManifest.xml:48:13-54:29
action#android.intent.action.MAIN
ADDED from [:unityLibrary] AndroidManifest.xml:49:17-69
	android:name
		ADDED from [:unityLibrary] AndroidManifest.xml:49:25-66
category#android.intent.category.LAUNCHER
ADDED from [:unityLibrary] AndroidManifest.xml:51:17-77
	android:name
		ADDED from [:unityLibrary] AndroidManifest.xml:51:27-74
category#com.google.intent.category.DAYDREAM
ADDED from [:unityLibrary] AndroidManifest.xml:52:17-80
	android:name
		ADDED from [:unityLibrary] AndroidManifest.xml:52:27-77
category#com.google.intent.category.CARDBOARD
ADDED from [:unityLibrary] AndroidManifest.xml:53:17-81
	android:name
		ADDED from [:unityLibrary] AndroidManifest.xml:53:27-78
meta-data#unityplayer.UnityActivity
ADDED from [:unityLibrary] AndroidManifest.xml:56:13-58:40
	android:value
		ADDED from [:unityLibrary] AndroidManifest.xml:58:17-37
	android:name
		ADDED from [:unityLibrary] AndroidManifest.xml:57:17-57
meta-data#com.google.android.vr.icon
ADDED from [:unityLibrary] AndroidManifest.xml:59:13-61:62
	android:resource
		ADDED from [:unityLibrary] AndroidManifest.xml:61:17-59
	android:name
		ADDED from [:unityLibrary] AndroidManifest.xml:60:17-58
meta-data#com.google.android.vr.icon_background
ADDED from [:unityLibrary] AndroidManifest.xml:62:13-64:61
	android:resource
		ADDED from [:unityLibrary] AndroidManifest.xml:64:17-58
	android:name
		ADDED from [:unityLibrary] AndroidManifest.xml:63:17-69
meta-data#android.notch_support
ADDED from [:unityLibrary] AndroidManifest.xml:65:13-67:40
	android:value
		ADDED from [:unityLibrary] AndroidManifest.xml:67:17-37
	android:name
		ADDED from [:unityLibrary] AndroidManifest.xml:66:17-53
meta-data#unityplayer.SkipPermissionsDialog
ADDED from [:unityLibrary] AndroidManifest.xml:70:9-72:36
	android:value
		ADDED from [:unityLibrary] AndroidManifest.xml:72:13-33
	android:name
		ADDED from [:unityLibrary] AndroidManifest.xml:71:13-61
meta-data#unity.splash-mode
ADDED from [:unityLibrary] AndroidManifest.xml:73:9-75:33
	android:value
		ADDED from [:unityLibrary] AndroidManifest.xml:75:13-30
	android:name
		ADDED from [:unityLibrary] AndroidManifest.xml:74:13-45
meta-data#unity.splash-enable
ADDED from [:unityLibrary] AndroidManifest.xml:76:9-78:37
	android:value
		ADDED from [:unityLibrary] AndroidManifest.xml:78:13-34
	android:name
		ADDED from [:unityLibrary] AndroidManifest.xml:77:13-47
meta-data#unity.launch-fullscreen
ADDED from [:unityLibrary] AndroidManifest.xml:79:9-81:36
	android:value
		ADDED from [:unityLibrary] AndroidManifest.xml:81:13-33
	android:name
		ADDED from [:unityLibrary] AndroidManifest.xml:80:13-51
meta-data#unity.allow-resizable-window
ADDED from [:unityLibrary] AndroidManifest.xml:82:9-84:37
	android:value
		ADDED from [:unityLibrary] AndroidManifest.xml:84:13-34
	android:name
		ADDED from [:unityLibrary] AndroidManifest.xml:83:13-56
meta-data#notch.config
ADDED from [:unityLibrary] AndroidManifest.xml:85:9-87:50
	android:value
		ADDED from [:unityLibrary] AndroidManifest.xml:87:13-47
	android:name
		ADDED from [:unityLibrary] AndroidManifest.xml:86:13-40
meta-data#unity.build-id
ADDED from [:unityLibrary] AndroidManifest.xml:88:9-90:68
	android:value
		ADDED from [:unityLibrary] AndroidManifest.xml:90:13-65
	android:name
		ADDED from [:unityLibrary] AndroidManifest.xml:89:13-42
activity#com.google.gvr.keyboardsupport.TransitionVRActivity
ADDED from [:gvr-keyboardsupport-release:] AndroidManifest.xml:17:9-28:20
	android:label
		ADDED from [:gvr-keyboardsupport-release:] AndroidManifest.xml:22:13-45
	android:enableVrMode
		ADDED from [:gvr-keyboardsupport-release:] AndroidManifest.xml:20:13-106
	android:exported
		ADDED from [:gvr-keyboardsupport-release:] AndroidManifest.xml:21:13-37
	android:resizeableActivity
		ADDED from [:gvr-keyboardsupport-release:] AndroidManifest.xml:23:13-47
	android:configChanges
		ADDED from [:gvr-keyboardsupport-release:] AndroidManifest.xml:19:13-100
	android:name
		ADDED from [:gvr-keyboardsupport-release:] AndroidManifest.xml:18:13-79
intent-filter#category:name:android.intent.category.LAUNCHER+category:name:com.google.intent.category.DAYDREAM
ADDED from [:gvr-keyboardsupport-release:] AndroidManifest.xml:24:13-27:29
activity#com.google.gvr.permissionsupport.TransitionVRActivity
ADDED from [:gvr-permissionsupport-release:] AndroidManifest.xml:17:9-27:20
	android:label
		ADDED from [:gvr-permissionsupport-release:] AndroidManifest.xml:22:13-45
	android:enableVrMode
		ADDED from [:gvr-permissionsupport-release:] AndroidManifest.xml:20:13-106
	android:exported
		ADDED from [:gvr-permissionsupport-release:] AndroidManifest.xml:21:13-37
	android:configChanges
		ADDED from [:gvr-permissionsupport-release:] AndroidManifest.xml:19:13-100
	android:name
		ADDED from [:gvr-permissionsupport-release:] AndroidManifest.xml:18:13-81